This file contains any messages produced by compilers while
running configure, to aid debugging if configure makes a mistake.

It was created by configure, which was
generated by GNU Autoconf 2.59.  Invocation command line was

  $ ./configure 

## --------- ##
## Platform. ##
## --------- ##

hostname = dev30
uname -m = i686
uname -r = 2.4.19-64GB-SMP
uname -s = Linux
uname -v = #1 SMP Mon Oct 21 18:48:05 UTC 2002

/usr/bin/uname -p = unknown
/bin/uname -X     = unknown

/bin/arch              = i686
/usr/bin/arch -k       = unknown
/usr/convex/getsysinfo = unknown
hostinfo               = unknown
/bin/machine           = unknown
/usr/bin/oslevel       = unknown
/bin/universe          = unknown

PATH: /usr/local/bin
PATH: /usr/bin
PATH: /usr/X11R6/bin
PATH: /bin
PATH: /usr/games
PATH: /opt/gnome2/bin
PATH: /opt/gnome/bin
PATH: /opt/kde3/bin
PATH: /usr/lib/java/bin
PATH: /opt/gnome/bin


## ----------- ##
## Core tests. ##
## ----------- ##

configure:1307: checking for a BSD-compatible install
configure:1362: result: /usr/bin/install -c
configure:1373: checking whether build environment is sane
configure:1416: result: yes
configure:1449: checking for gawk
configure:1465: found /usr/bin/gawk
configure:1475: result: gawk
configure:1485: checking whether make sets $(MAKE)
configure:1505: result: yes
configure:1675: checking build system type
configure:1693: result: i686-pc-linux-gnu
configure:1701: checking host system type
configure:1715: result: i686-pc-linux-gnu
configure:1769: checking for gcc
configure:1785: found /usr/bin/gcc
configure:1795: result: gcc
configure:2039: checking for C compiler version
configure:2042: gcc --version </dev/null >&5
gcc (GCC) 3.2
Copyright (C) 2002 Free Software Foundation, Inc.
This is free software; see the source for copying conditions.  There is NO
warranty; not even for MERCHANTABILITY or FITNESS FOR A PARTICULAR PURPOSE.

configure:2045: $? = 0
configure:2047: gcc -v </dev/null >&5
Reading specs from /usr/lib/gcc-lib/i486-suse-linux/3.2/specs
Configured with: ../configure --enable-threads=posix --prefix=/usr --with-local-prefix=/usr/local --infodir=/usr/share/info --mandir=/usr/share/man --libdir=/usr/lib --enable-languages=c,c++,f77,objc,java,ada --enable-libgcj --with-gxx-include-dir=/usr/include/g++ --with-slibdir=/lib --with-system-zlib --enable-shared --enable-__cxa_atexit i486-suse-linux
Thread model: posix
gcc version 3.2
configure:2050: $? = 0
configure:2052: gcc -V </dev/null >&5
gcc: argument to `-V' is missing
configure:2055: $? = 1
configure:2078: checking for C compiler default output file name
configure:2081: gcc    conftest.c  >&5
configure:2084: $? = 0
configure:2130: result: a.out
configure:2135: checking whether the C compiler works
configure:2141: ./a.out
configure:2144: $? = 0
configure:2161: result: yes
configure:2168: checking whether we are cross compiling
configure:2170: result: no
configure:2173: checking for suffix of executables
configure:2175: gcc -o conftest    conftest.c  >&5
configure:2178: $? = 0
configure:2203: result: 
configure:2209: checking for suffix of object files
configure:2230: gcc -c   conftest.c >&5
configure:2233: $? = 0
configure:2255: result: o
configure:2259: checking whether we are using the GNU C compiler
configure:2283: gcc -c   conftest.c >&5
configure:2289: $? = 0
configure:2293: test -z 
			 || test ! -s conftest.err
configure:2296: $? = 0
configure:2299: test -s conftest.o
configure:2302: $? = 0
configure:2315: result: yes
configure:2321: checking whether gcc accepts -g
configure:2342: gcc -c -g  conftest.c >&5
configure:2348: $? = 0
configure:2352: test -z 
			 || test ! -s conftest.err
configure:2355: $? = 0
configure:2358: test -s conftest.o
configure:2361: $? = 0
configure:2372: result: yes
configure:2389: checking for gcc option to accept ANSI C
configure:2459: gcc  -c -g -O2  conftest.c >&5
configure:2465: $? = 0
configure:2469: test -z 
			 || test ! -s conftest.err
configure:2472: $? = 0
configure:2475: test -s conftest.o
configure:2478: $? = 0
configure:2496: result: none needed
configure:2514: gcc -c -g -O2  conftest.c >&5
conftest.c:2: parse error before "me"
configure:2520: $? = 1
configure: failed program was:
| #ifndef __cplusplus
|   choke me
| #endif
configure:2664: checking for style of include used by make
configure:2692: result: GNU
configure:2720: checking dependency style of gcc
configure:2803: result: none
configure:2829: checking for bison
configure:2845: found /usr/bin/bison
configure:2855: result: bison -y
configure:2875: checking for flex
configure:2891: found /usr/bin/flex
configure:2901: result: flex
configure:2914: checking for yywrap in -lfl
configure:2944: gcc -o conftest -g -O2 -Wall    conftest.c -lfl   >&5
configure:2950: $? = 0
configure:2954: test -z 
			 || test ! -s conftest.err
configure:2957: $? = 0
configure:2960: test -s conftest
configure:2963: $? = 0
configure:2976: result: yes
configure:3054: checking lex output file root
configure:3065: flex conftest.l
configure:3068: $? = 0
configure:3080: result: lex.yy
configure:3085: checking whether yytext is a pointer
configure:3101: gcc -o conftest -g -O2 -Wall    conftest.c  -lfl >&5
lex.yy.c:948: warning: `yyunput' defined but not used
configure:3107: $? = 0
configure:3111: test -z 
			 || test ! -s conftest.err
configure:3114: $? = 0
configure:3117: test -s conftest
configure:3120: $? = 0
configure:3134: result: yes
configure:3153: checking whether byte ordering is bigendian
configure:3180: gcc -c -g -O2 -Wall   conftest.c >&5
configure:3186: $? = 0
configure:3190: test -z 
			 || test ! -s conftest.err
configure:3193: $? = 0
configure:3196: test -s conftest.o
configure:3199: $? = 0
configure:3223: gcc -c -g -O2 -Wall   conftest.c >&5
conftest.c: In function `main':
conftest.c:19: `not' undeclared (first use in this function)
conftest.c:19: (Each undeclared identifier is reported only once
conftest.c:19: for each function it appears in.)
conftest.c:19: parse error before "big"
configure:3229: $? = 1
configure: failed program was:
| /* confdefs.h.  */
| 
| #define PACKAGE_NAME ""
| #define PACKAGE_TARNAME ""
| #define PACKAGE_VERSION ""
| #define PACKAGE_STRING ""
| #define PACKAGE_BUGREPORT ""
| #define PACKAGE "xsupplicant"
| #define VERSION "cvs-current"
| #define YYTEXT_POINTER 1
| /* end confdefs.h.  */
| #include <sys/types.h>
| #include <sys/param.h>
| 
| int
| main ()
| {
| #if BYTE_ORDER != BIG_ENDIAN
|  not big endian
| #endif
| 
|   ;
|   return 0;
| }
configure:3364: result: no
configure:3430: checking Operating System
configure:3438: result: Linux
configure:3459: checking for openssl (required package)
configure:3551: result: /usr/lib/
configure:3590: checking for native frame interface
configure:3604: result: linux
configure:3617: checking for wireless extensions
configure:3622: result: found for linux
configure:3639: checking for procfs support
configure:3642: result: okay
configure:3799: creating ./config.status

## ---------------------- ##
## Running config.status. ##
## ---------------------- ##

This file was extended by config.status, which was
generated by GNU Autoconf 2.59.  Invocation command line was

  CONFIG_FILES    = 
  CONFIG_HEADERS  = 
  CONFIG_LINKS    = 
  CONFIG_COMMANDS = 
  $ ./config.status 

on dev30

config.status:708: creating Makefile
config.status:708: creating src/Makefile
config.status:708: creating tools/Makefile
config.status:708: creating doc/Makefile
config.status:708: creating etc/Makefile
config.status:708: creating drivers/Makefile
config.status:708: creating tools/config-parser/Makefile
config.status:708: creating gui_tools/Makefile
config.status:708: creating gui_tools/cli/Makefile
config.status:708: creating gui_tools/cli/xsup_set_pwd/Makefile
config.status:708: creating gui_tools/cli/xsup_monitor/Makefile
config.status:790: linking ./src/cardif/linux/cardif_linux.c to src/os_cardif.c
config.status:1027: executing depfiles commands

## ---------------- ##
## Cache variables. ##
## ---------------- ##

ac_cv_build=i686-pc-linux-gnu
ac_cv_build_alias=i686-pc-linux-gnu
ac_cv_c_bigendian=no
ac_cv_c_compiler_gnu=yes
ac_cv_env_CC_set=
ac_cv_env_CC_value=
ac_cv_env_CFLAGS_set=
ac_cv_env_CFLAGS_value=
ac_cv_env_CPPFLAGS_set=
ac_cv_env_CPPFLAGS_value=
ac_cv_env_LDFLAGS_set=
ac_cv_env_LDFLAGS_value=
ac_cv_env_build_alias_set=
ac_cv_env_build_alias_value=
ac_cv_env_host_alias_set=
ac_cv_env_host_alias_value=
ac_cv_env_target_alias_set=
ac_cv_env_target_alias_value=
ac_cv_exeext=
ac_cv_host=i686-pc-linux-gnu
ac_cv_host_alias=i686-pc-linux-gnu
ac_cv_lib_fl_yywrap=yes
ac_cv_objext=o
ac_cv_path_install='/usr/bin/install -c'
ac_cv_prog_AWK=gawk
ac_cv_prog_LEX=flex
ac_cv_prog_YACC='bison -y'
ac_cv_prog_ac_ct_CC=gcc
ac_cv_prog_cc_g=yes
ac_cv_prog_cc_stdc=
ac_cv_prog_lex_root=lex.yy
ac_cv_prog_lex_yytext_pointer=yes
ac_cv_prog_make_make_set=yes
am_cv_CC_dependencies_compiler_type=none

## ----------------- ##
## Output variables. ##
## ----------------- ##

ACLOCAL='${SHELL} /home/zhanglu/tmp/xsupplicant/missing --run aclocal-1.7'
AMDEPBACKSLASH='\'
AMDEP_FALSE='#'
AMDEP_TRUE=''
AMTAR='${SHELL} /home/zhanglu/tmp/xsupplicant/missing --run tar'
AUTOCONF='${SHELL} /home/zhanglu/tmp/xsupplicant/missing --run autoconf'
AUTOHEADER='${SHELL} /home/zhanglu/tmp/xsupplicant/missing --run autoheader'
AUTOMAKE='${SHELL} /home/zhanglu/tmp/xsupplicant/missing --run automake-1.7'
AWK='gawk'
CC='gcc'
CCDEPMODE='depmode=none'
CFLAGS=' -g -O2 -Wall '
CORELIBS=''
CPPFLAGS=''
CYGPATH_W='echo'
DEFS='-DPACKAGE_NAME=\"\" -DPACKAGE_TARNAME=\"\" -DPACKAGE_VERSION=\"\" -DPACKAGE_STRING=\"\" -DPACKAGE_BUGREPORT=\"\" -DPACKAGE=\"xsupplicant\" -DVERSION=\"cvs-current\" -DYYTEXT_POINTER=1 -DLILENDIAN=1 -DOPENSSL_NO_KRB5=1 -DLINUX=1 -DHAVE_OPENSSL=1 -DLINUX_WIRELESS_EXT=1 '
DEPDIR='.deps'
ECHO_C=''
ECHO_N='-n'
ECHO_T=''
EXEEXT=''
INCS=' -I/usr/include/openssl -Isrc/cardif/linux'
INSTALL_DATA='${INSTALL} -m 644'
INSTALL_PROGRAM='${INSTALL}'
INSTALL_SCRIPT='${INSTALL}'
INSTALL_STRIP_PROGRAM='${SHELL} $(install_sh) -c -s'
LDFLAGS=''
LEX='flex'
LEXLIB='-lfl'
LEX_OUTPUT_ROOT='lex.yy'
LIBOBJS=''
LIBS=''
LTLIBOBJS=''
MAKEINFO='${SHELL} /home/zhanglu/tmp/xsupplicant/missing --run makeinfo'
MOREDEFS=''
MORELIBS=' -lfl  -lssl -lcrypto'
OBJEXT='o'
PACKAGE='xsupplicant'
PACKAGE_BUGREPORT=''
PACKAGE_NAME=''
PACKAGE_STRING=''
PACKAGE_TARNAME=''
PACKAGE_VERSION=''
PATH_SEPARATOR=':'
SET_MAKE=''
SHELL='/bin/sh'
STRIP=''
VERSION='cvs-current'
YACC='bison -y -d'
ac_ct_CC='gcc'
ac_ct_STRIP=''
am__fastdepCC_FALSE=''
am__fastdepCC_TRUE='#'
am__include='include'
am__leading_dot='.'
am__quote=''
bindir='${exec_prefix}/bin'
build='i686-pc-linux-gnu'
build_alias=''
build_cpu='i686'
build_os='linux-gnu'
build_vendor='pc'
datadir='${prefix}/share'
exec_prefix='${prefix}'
host='i686-pc-linux-gnu'
host_alias=''
host_cpu='i686'
host_os='linux-gnu'
host_vendor='pc'
includedir='${prefix}/include'
infodir='${prefix}/info'
install_sh='/home/zhanglu/tmp/xsupplicant/install-sh'
libdir='${exec_prefix}/lib'
libexecdir='${exec_prefix}/libexec'
localstatedir='${prefix}/var'
mandir='${prefix}/man'
oldincludedir='/usr/include'
prefix='/usr/local'
program_transform_name='s,x,x,'
sbindir='${exec_prefix}/sbin'
sharedstatedir='${prefix}/com'
sysconfdir='${prefix}/etc'
target_alias=''

## ----------- ##
## confdefs.h. ##
## ----------- ##

#define HAVE_OPENSSL 1
#define LILENDIAN 1
#define LINUX 1
#define LINUX_WIRELESS_EXT 1
#define OPENSSL_NO_KRB5 1
#define PACKAGE "xsupplicant"
#define PACKAGE_BUGREPORT ""
#define PACKAGE_NAME ""
#define PACKAGE_STRING ""
#define PACKAGE_TARNAME ""
#define PACKAGE_VERSION ""
#define VERSION "cvs-current"
#define YYTEXT_POINTER 1

configure: exit 0
